<?xml version="1.0" encoding="UTF-8"?>
<!-- Generated by org.testng.reporters.JUnitReportReporter -->
<testsuite hostname="DESKTOP-2RSQCAG" failures="0" tests="1" name="addRemoveElements.AddRemoveElements" time="30.517" errors="0" timestamp="2023-10-13T18:00:41 IST" skipped="0">
  <testcase classname="addRemoveElements.AddRemoveElements" name="test" time="30.517"/>
  <system-out/>
</testsuite> <!-- addRemoveElements.AddRemoveElements -->
