<?xml version="1.0" encoding="UTF-8"?>
<!-- Generated by org.testng.reporters.JUnitReportReporter -->
<testsuite hostname="DESKTOP-2RSQCAG" failures="0" tests="1" name="allTest.CheckBoxes" time="28.373" errors="0" timestamp="2023-10-13T22:43:42 IST" skipped="0">
  <testcase classname="allTest.CheckBoxes" name="test" time="28.373"/>
  <system-out/>
</testsuite> <!-- allTest.CheckBoxes -->
