<?xml version="1.0" encoding="UTF-8"?>
<!-- Generated by org.testng.reporters.JUnitReportReporter -->
<testsuite hostname="DESKTOP-2RSQCAG" failures="0" tests="1" name="allTest.BrokenImages" time="53.952" errors="0" timestamp="2023-10-13T22:23:53 IST" skipped="0">
  <testcase classname="allTest.BrokenImages" name="VerifyBrokenImagesUsingSelenium" time="53.952"/>
  <system-out/>
</testsuite> <!-- allTest.BrokenImages -->
