<?xml version="1.0" encoding="UTF-8"?>
<!-- Generated by org.testng.reporters.JUnitReportReporter -->
<testsuite hostname="DESKTOP-2RSQCAG" failures="0" tests="1" name="allTest.ContextMenu" time="27.451" errors="0" timestamp="2023-10-14T00:03:19 IST" skipped="0">
  <testcase classname="allTest.ContextMenu" name="test" time="27.451"/>
  <system-out/>
</testsuite> <!-- allTest.ContextMenu -->
